# JRE version: Java(TM) SE Runtime Environment (8.0_121-b13) (build 1.8.0_121-b13)
# Java VM: Java HotSpot(TM) 64-Bit Server VM (25.121-b13 mixed mode windows-amd64 compressed oops)
Heap:
 PSYoungGen      total 57344K, used 46385K [0x0000000780a00000, 0x0000000784a00000, 0x00000007c0000000)
  eden space 49152K, 77% used [0x0000000780a00000,0x0000000782f54600,0x0000000783a00000)
  from space 8192K, 99% used [0x0000000784200000,0x00000007849f8030,0x0000000784a00000)
  to   space 8192K, 0% used [0x0000000783a00000,0x0000000783a00000,0x0000000784200000)
 ParOldGen       total 131072K, used 5747K [0x0000000701e00000, 0x0000000709e00000, 0x0000000780a00000)
  object space 131072K, 4% used [0x0000000701e00000,0x000000070239cff8,0x0000000709e00000)
 Metaspace       used 19417K, capacity 19964K, committed 20224K, reserved 1067008K
  class space    used 2289K, capacity 2462K, committed 2560K, reserved 1048576K
GC Heap History (8 events):
Event: 1.734 GC heap before
{Heap before GC invocations=1 (full 0):
 PSYoungGen      total 57344K, used 49152K [0x0000000780a00000, 0x0000000784a00000, 0x00000007c0000000)
  eden space 49152K, 100% used [0x0000000780a00000,0x0000000783a00000,0x0000000783a00000)
  from space 8192K, 0% used [0x0000000784200000,0x0000000784200000,0x0000000784a00000)
  to   space 8192K, 0% used [0x0000000783a00000,0x0000000783a00000,0x0000000784200000)
 ParOldGen       total 131072K, used 0K [0x0000000701e00000, 0x0000000709e00000, 0x0000000780a00000)
  object space 131072K, 0% used [0x0000000701e00000,0x0000000701e00000,0x0000000709e00000)
 Metaspace       used 9846K, capacity 10054K, committed 10240K, reserved 1058816K
  class space    used 1195K, capacity 1245K, committed 1280K, reserved 1048576K
Event: 1.741 GC heap after
Heap after GC invocations=1 (full 0):
 PSYoungGen      total 57344K, used 7108K [0x0000000780a00000, 0x0000000784a00000, 0x00000007c0000000)
  eden space 49152K, 0% used [0x0000000780a00000,0x0000000780a00000,0x0000000783a00000)
  from space 8192K, 86% used [0x0000000783a00000,0x00000007840f1120,0x0000000784200000)
  to   space 8192K, 0% used [0x0000000784200000,0x0000000784200000,0x0000000784a00000)
 ParOldGen       total 131072K, used 16K [0x0000000701e00000, 0x0000000709e00000, 0x0000000780a00000)
  object space 131072K, 0% used [0x0000000701e00000,0x0000000701e04000,0x0000000709e00000)
 Metaspace       used 9846K, capacity 10054K, committed 10240K, reserved 1058816K
  class space    used 1195K, capacity 1245K, committed 1280K, reserved 1048576K
}
Event: 2.580 GC heap before
{Heap before GC invocations=2 (full 0):
 PSYoungGen      total 57344K, used 56260K [0x0000000780a00000, 0x0000000784a00000, 0x00000007c0000000)
  eden space 49152K, 100% used [0x0000000780a00000,0x0000000783a00000,0x0000000783a00000)
  from space 8192K, 86% used [0x0000000783a00000,0x00000007840f1120,0x0000000784200000)
  to   space 8192K, 0% used [0x0000000784200000,0x0000000784200000,0x0000000784a00000)
 ParOldGen       total 131072K, used 16K [0x0000000701e00000, 0x0000000709e00000, 0x0000000780a00000)
  object space 131072K, 0% used [0x0000000701e00000,0x0000000701e04000,0x0000000709e00000)
 Metaspace       used 15537K, capacity 15822K, committed 16128K, reserved 1062912K
  class space    used 1902K, capacity 2003K, committed 2048K, reserved 1048576K
Event: 2.595 GC heap after
Heap after GC invocations=2 (full 0):
 PSYoungGen      total 57344K, used 8176K [0x0000000780a00000, 0x0000000784a00000, 0x00000007c0000000)
  eden space 49152K, 0% used [0x0000000780a00000,0x0000000780a00000,0x0000000783a00000)
  from space 8192K, 99% used [0x0000000784200000,0x00000007849fc140,0x0000000784a00000)
  to   space 8192K, 0% used [0x0000000783a00000,0x0000000783a00000,0x0000000784200000)
 ParOldGen       total 131072K, used 1504K [0x0000000701e00000, 0x0000000709e00000, 0x0000000780a00000)
  object space 131072K, 1% used [0x0000000701e00000,0x0000000701f781b8,0x0000000709e00000)
 Metaspace       used 15537K, capacity 15822K, committed 16128K, reserved 1062912K
  class space    used 1902K, capacity 2003K, committed 2048K, reserved 1048576K
}
Event: 3.626 GC heap before
{Heap before GC invocations=3 (full 0):
 PSYoungGen      total 57344K, used 57328K [0x0000000780a00000, 0x0000000784a00000, 0x00000007c0000000)
  eden space 49152K, 100% used [0x0000000780a00000,0x0000000783a00000,0x0000000783a00000)
  from space 8192K, 99% used [0x0000000784200000,0x00000007849fc140,0x0000000784a00000)
  to   space 8192K, 0% used [0x0000000783a00000,0x0000000783a00000,0x0000000784200000)
 ParOldGen       total 131072K, used 1504K [0x0000000701e00000, 0x0000000709e00000, 0x0000000780a00000)
  object space 131072K, 1% used [0x0000000701e00000,0x0000000701f781b8,0x0000000709e00000)
 Metaspace       used 16339K, capacity 16618K, committed 16896K, reserved 1064960K
  class space    used 1954K, capacity 2045K, committed 2048K, reserved 1048576K
Event: 3.639 GC heap after
Heap after GC invocations=3 (full 0):
 PSYoungGen      total 57344K, used 8160K [0x0000000780a00000, 0x0000000784a00000, 0x00000007c0000000)
  eden space 49152K, 0% used [0x0000000780a00000,0x0000000780a00000,0x0000000783a00000)
  from space 8192K, 99% used [0x0000000783a00000,0x00000007841f8050,0x0000000784200000)
  to   space 8192K, 0% used [0x0000000784200000,0x0000000784200000,0x0000000784a00000)
 ParOldGen       total 131072K, used 2531K [0x0000000701e00000, 0x0000000709e00000, 0x0000000780a00000)
  object space 131072K, 1% used [0x0000000701e00000,0x0000000702078dc8,0x0000000709e00000)
 Metaspace       used 16339K, capacity 16618K, committed 16896K, reserved 1064960K
  class space    used 1954K, capacity 2045K, committed 2048K, reserved 1048576K
}
Event: 4.409 GC heap before
{Heap before GC invocations=4 (full 0):
 PSYoungGen      total 57344K, used 57312K [0x0000000780a00000, 0x0000000784a00000, 0x00000007c0000000)
  eden space 49152K, 100% used [0x0000000780a00000,0x0000000783a00000,0x0000000783a00000)
  from space 8192K, 99% used [0x0000000783a00000,0x00000007841f8050,0x0000000784200000)
  to   space 8192K, 0% used [0x0000000784200000,0x0000000784200000,0x0000000784a00000)
 ParOldGen       total 131072K, used 2531K [0x0000000701e00000, 0x0000000709e00000, 0x0000000780a00000)
  object space 131072K, 1% used [0x0000000701e00000,0x0000000702078dc8,0x0000000709e00000)
 Metaspace       used 17685K, capacity 18104K, committed 18304K, reserved 1064960K
  class space    used 2069K, capacity 2158K, committed 2176K, reserved 1048576K
Event: 4.425 GC heap after
Heap after GC invocations=4 (full 0):
 PSYoungGen      total 57344K, used 8160K [0x0000000780a00000, 0x0000000784a00000, 0x00000007c0000000)
  eden space 49152K, 0% used [0x0000000780a00000,0x0000000780a00000,0x0000000783a00000)
  from space 8192K, 99% used [0x0000000784200000,0x00000007849f8030,0x0000000784a00000)
  to   space 8192K, 0% used [0x0000000783a00000,0x0000000783a00000,0x0000000784200000)
 ParOldGen       total 131072K, used 5747K [0x0000000701e00000, 0x0000000709e00000, 0x0000000780a00000)
  object space 131072K, 4% used [0x0000000701e00000,0x000000070239cff8,0x0000000709e00000)
 Metaspace       used 17685K, capacity 18104K, committed 18304K, reserved 1064960K
  class space    used 2069K, capacity 2158K, committed 2176K, reserved 1048576K
}

