# JRE version: Java(TM) SE Runtime Environment (8.0_121-b13) (build 1.8.0_121-b13)
# Java VM: Java HotSpot(TM) 64-Bit Server VM (25.121-b13 mixed mode windows-amd64 compressed oops)
Heap:
 PSYoungGen      total 162816K, used 66744K [0x0000000780a00000, 0x000000078e600000, 0x00000007c0000000)
  eden space 145920K, 34% used [0x0000000780a00000,0x0000000783ab52b0,0x0000000789880000)
  from space 16896K, 99% used [0x000000078c500000,0x000000078d578df8,0x000000078d580000)
  to   space 14336K, 0% used [0x000000078d800000,0x000000078d800000,0x000000078e600000)
 ParOldGen       total 95744K, used 27148K [0x0000000701e00000, 0x0000000707b80000, 0x0000000780a00000)
  object space 95744K, 28% used [0x0000000701e00000,0x0000000703883210,0x0000000707b80000)
 Metaspace       used 24047K, capacity 24584K, committed 24832K, reserved 1071104K
  class space    used 2809K, capacity 2997K, committed 3072K, reserved 1048576K
GC Heap History (10 events):
Event: 4.039 GC heap before
{Heap before GC invocations=4 (full 0):
 PSYoungGen      total 57344K, used 57328K [0x0000000780a00000, 0x0000000787a00000, 0x00000007c0000000)
  eden space 49152K, 100% used [0x0000000780a00000,0x0000000783a00000,0x0000000783a00000)
  from space 8192K, 99% used [0x0000000783a00000,0x00000007841fc040,0x0000000784200000)
  to   space 8192K, 0% used [0x0000000787200000,0x0000000787200000,0x0000000787a00000)
 ParOldGen       total 131072K, used 3063K [0x0000000701e00000, 0x0000000709e00000, 0x0000000780a00000)
  object space 131072K, 2% used [0x0000000701e00000,0x00000007020fdfe8,0x0000000709e00000)
 Metaspace       used 17693K, capacity 18136K, committed 18432K, reserved 1064960K
  class space    used 2074K, capacity 2190K, committed 2304K, reserved 1048576K
Event: 4.063 GC heap after
Heap after GC invocations=4 (full 0):
 PSYoungGen      total 106496K, used 8160K [0x0000000780a00000, 0x0000000787a00000, 0x00000007c0000000)
  eden space 98304K, 0% used [0x0000000780a00000,0x0000000780a00000,0x0000000786a00000)
  from space 8192K, 99% used [0x0000000787200000,0x00000007879f8030,0x0000000787a00000)
  to   space 8192K, 0% used [0x0000000786a00000,0x0000000786a00000,0x0000000787200000)
 ParOldGen       total 131072K, used 6500K [0x0000000701e00000, 0x0000000709e00000, 0x0000000780a00000)
  object space 131072K, 4% used [0x0000000701e00000,0x0000000702459398,0x0000000709e00000)
 Metaspace       used 17693K, capacity 18136K, committed 18432K, reserved 1064960K
  class space    used 2074K, capacity 2190K, committed 2304K, reserved 1048576K
}
Event: 4.646 GC heap before
{Heap before GC invocations=5 (full 0):
 PSYoungGen      total 106496K, used 53311K [0x0000000780a00000, 0x0000000787a00000, 0x00000007c0000000)
  eden space 98304K, 45% used [0x0000000780a00000,0x0000000783617c38,0x0000000786a00000)
  from space 8192K, 99% used [0x0000000787200000,0x00000007879f8030,0x0000000787a00000)
  to   space 8192K, 0% used [0x0000000786a00000,0x0000000786a00000,0x0000000787200000)
 ParOldGen       total 131072K, used 6500K [0x0000000701e00000, 0x0000000709e00000, 0x0000000780a00000)
  object space 131072K, 4% used [0x0000000701e00000,0x0000000702459398,0x0000000709e00000)
 Metaspace       used 20612K, capacity 21052K, committed 21296K, reserved 1069056K
  class space    used 2425K, capacity 2590K, committed 2688K, reserved 1048576K
Event: 4.662 GC heap after
Heap after GC invocations=5 (full 0):
 PSYoungGen      total 106496K, used 8160K [0x0000000780a00000, 0x000000078e600000, 0x00000007c0000000)
  eden space 98304K, 0% used [0x0000000780a00000,0x0000000780a00000,0x0000000786a00000)
  from space 8192K, 99% used [0x0000000786a00000,0x00000007871f8070,0x0000000787200000)
  to   space 14336K, 0% used [0x000000078d800000,0x000000078d800000,0x000000078e600000)
 ParOldGen       total 131072K, used 11006K [0x0000000701e00000, 0x0000000709e00000, 0x0000000780a00000)
  object space 131072K, 8% used [0x0000000701e00000,0x00000007028bf9b0,0x0000000709e00000)
 Metaspace       used 20612K, capacity 21052K, committed 21296K, reserved 1069056K
  class space    used 2425K, capacity 2590K, committed 2688K, reserved 1048576K
}
Event: 4.662 GC heap before
{Heap before GC invocations=6 (full 1):
 PSYoungGen      total 106496K, used 8160K [0x0000000780a00000, 0x000000078e600000, 0x00000007c0000000)
  eden space 98304K, 0% used [0x0000000780a00000,0x0000000780a00000,0x0000000786a00000)
  from space 8192K, 99% used [0x0000000786a00000,0x00000007871f8070,0x0000000787200000)
  to   space 14336K, 0% used [0x000000078d800000,0x000000078d800000,0x000000078e600000)
 ParOldGen       total 131072K, used 11006K [0x0000000701e00000, 0x0000000709e00000, 0x0000000780a00000)
  object space 131072K, 8% used [0x0000000701e00000,0x00000007028bf9b0,0x0000000709e00000)
 Metaspace       used 20612K, capacity 21052K, committed 21296K, reserved 1069056K
  class space    used 2425K, capacity 2590K, committed 2688K, reserved 1048576K
Event: 4.750 GC heap after
Heap after GC invocations=6 (full 1):
 PSYoungGen      total 106496K, used 0K [0x0000000780a00000, 0x000000078e600000, 0x00000007c0000000)
  eden space 98304K, 0% used [0x0000000780a00000,0x0000000780a00000,0x0000000786a00000)
  from space 8192K, 0% used [0x0000000786a00000,0x0000000786a00000,0x0000000787200000)
  to   space 14336K, 0% used [0x000000078d800000,0x000000078d800000,0x000000078e600000)
 ParOldGen       total 95744K, used 15986K [0x0000000701e00000, 0x0000000707b80000, 0x0000000780a00000)
  object space 95744K, 16% used [0x0000000701e00000,0x0000000702d9cb40,0x0000000707b80000)
 Metaspace       used 20612K, capacity 21052K, committed 21296K, reserved 1069056K
  class space    used 2425K, capacity 2590K, committed 2688K, reserved 1048576K
}
Event: 5.803 GC heap before
{Heap before GC invocations=7 (full 1):
 PSYoungGen      total 106496K, used 98304K [0x0000000780a00000, 0x000000078e600000, 0x00000007c0000000)
  eden space 98304K, 100% used [0x0000000780a00000,0x0000000786a00000,0x0000000786a00000)
  from space 8192K, 0% used [0x0000000786a00000,0x0000000786a00000,0x0000000787200000)
  to   space 14336K, 0% used [0x000000078d800000,0x000000078d800000,0x000000078e600000)
 ParOldGen       total 95744K, used 15986K [0x0000000701e00000, 0x0000000707b80000, 0x0000000780a00000)
  object space 95744K, 16% used [0x0000000701e00000,0x0000000702d9cb40,0x0000000707b80000)
 Metaspace       used 24027K, capacity 24576K, committed 24832K, reserved 1071104K
  class space    used 2808K, capacity 2997K, committed 3072K, reserved 1048576K
Event: 5.820 GC heap after
Heap after GC invocations=7 (full 1):
 PSYoungGen      total 160256K, used 14322K [0x0000000780a00000, 0x000000078e600000, 0x00000007c0000000)
  eden space 145920K, 0% used [0x0000000780a00000,0x0000000780a00000,0x0000000789880000)
  from space 14336K, 99% used [0x000000078d800000,0x000000078e5fcb68,0x000000078e600000)
  to   space 16896K, 0% used [0x000000078c500000,0x000000078c500000,0x000000078d580000)
 ParOldGen       total 95744K, used 17809K [0x0000000701e00000, 0x0000000707b80000, 0x0000000780a00000)
  object space 95744K, 18% used [0x0000000701e00000,0x0000000702f64660,0x0000000707b80000)
 Metaspace       used 24027K, capacity 24576K, committed 24832K, reserved 1071104K
  class space    used 2808K, capacity 2997K, committed 3072K, reserved 1048576K
}
Event: 6.408 GC heap before
{Heap before GC invocations=8 (full 1):
 PSYoungGen      total 160256K, used 160242K [0x0000000780a00000, 0x000000078e600000, 0x00000007c0000000)
  eden space 145920K, 100% used [0x0000000780a00000,0x0000000789880000,0x0000000789880000)
  from space 14336K, 99% used [0x000000078d800000,0x000000078e5fcb68,0x000000078e600000)
  to   space 16896K, 0% used [0x000000078c500000,0x000000078c500000,0x000000078d580000)
 ParOldGen       total 95744K, used 17809K [0x0000000701e00000, 0x0000000707b80000, 0x0000000780a00000)
  object space 95744K, 18% used [0x0000000701e00000,0x0000000702f64660,0x0000000707b80000)
 Metaspace       used 24047K, capacity 24584K, committed 24832K, reserved 1071104K
  class space    used 2809K, capacity 2997K, committed 3072K, reserved 1048576K
Event: 6.435 GC heap after
Heap after GC invocations=8 (full 1):
 PSYoungGen      total 162816K, used 16867K [0x0000000780a00000, 0x000000078e600000, 0x00000007c0000000)
  eden space 145920K, 0% used [0x0000000780a00000,0x0000000780a00000,0x0000000789880000)
  from space 16896K, 99% used [0x000000078c500000,0x000000078d578df8,0x000000078d580000)
  to   space 14336K, 0% used [0x000000078d800000,0x000000078d800000,0x000000078e600000)
 ParOldGen       total 95744K, used 27148K [0x0000000701e00000, 0x0000000707b80000, 0x0000000780a00000)
  object space 95744K, 28% used [0x0000000701e00000,0x0000000703883210,0x0000000707b80000)
 Metaspace       used 24047K, capacity 24584K, committed 24832K, reserved 1071104K
  class space    used 2809K, capacity 2997K, committed 3072K, reserved 1048576K
}

