# JRE version: Java(TM) SE Runtime Environment (8.0_121-b13) (build 1.8.0_121-b13)
# Java VM: Java HotSpot(TM) 64-Bit Server VM (25.121-b13 mixed mode windows-amd64 compressed oops)
Heap:
 PSYoungGen      total 214016K, used 4218K [0x0000000780a00000, 0x000000078ff00000, 0x00000007c0000000)
  eden space 190464K, 2% used [0x0000000780a00000,0x0000000780e1eb30,0x000000078c400000)
  from space 23552K, 0% used [0x000000078e800000,0x000000078e800000,0x000000078ff00000)
  to   space 16896K, 0% used [0x000000078c400000,0x000000078c400000,0x000000078d480000)
 ParOldGen       total 97792K, used 43870K [0x0000000701e00000, 0x0000000707d80000, 0x0000000780a00000)
  object space 97792K, 44% used [0x0000000701e00000,0x00000007048d7b68,0x0000000707d80000)
 Metaspace       used 24147K, capacity 24682K, committed 24832K, reserved 1071104K
  class space    used 2809K, capacity 2967K, committed 3072K, reserved 1048576K
GC Heap History (10 events):
Event: 4.551 GC heap before
{Heap before GC invocations=4 (full 0):
 PSYoungGen      total 57344K, used 57312K [0x0000000780a00000, 0x0000000787a00000, 0x00000007c0000000)
  eden space 49152K, 100% used [0x0000000780a00000,0x0000000783a00000,0x0000000783a00000)
  from space 8192K, 99% used [0x0000000783a00000,0x00000007841f8050,0x0000000784200000)
  to   space 8192K, 0% used [0x0000000787200000,0x0000000787200000,0x0000000787a00000)
 ParOldGen       total 131072K, used 3570K [0x0000000701e00000, 0x0000000709e00000, 0x0000000780a00000)
  object space 131072K, 2% used [0x0000000701e00000,0x000000070217ca90,0x0000000709e00000)
 Metaspace       used 17724K, capacity 18104K, committed 18304K, reserved 1064960K
  class space    used 2066K, capacity 2158K, committed 2176K, reserved 1048576K
Event: 4.580 GC heap after
Heap after GC invocations=4 (full 0):
 PSYoungGen      total 106496K, used 8160K [0x0000000780a00000, 0x0000000787a00000, 0x00000007c0000000)
  eden space 98304K, 0% used [0x0000000780a00000,0x0000000780a00000,0x0000000786a00000)
  from space 8192K, 99% used [0x0000000787200000,0x00000007879f8070,0x0000000787a00000)
  to   space 8192K, 0% used [0x0000000786a00000,0x0000000786a00000,0x0000000787200000)
 ParOldGen       total 131072K, used 7083K [0x0000000701e00000, 0x0000000709e00000, 0x0000000780a00000)
  object space 131072K, 5% used [0x0000000701e00000,0x00000007024eada8,0x0000000709e00000)
 Metaspace       used 17724K, capacity 18104K, committed 18304K, reserved 1064960K
  class space    used 2066K, capacity 2158K, committed 2176K, reserved 1048576K
}
Event: 5.355 GC heap before
{Heap before GC invocations=5 (full 0):
 PSYoungGen      total 106496K, used 51286K [0x0000000780a00000, 0x0000000787a00000, 0x00000007c0000000)
  eden space 98304K, 43% used [0x0000000780a00000,0x000000078341d900,0x0000000786a00000)
  from space 8192K, 99% used [0x0000000787200000,0x00000007879f8070,0x0000000787a00000)
  to   space 8192K, 0% used [0x0000000786a00000,0x0000000786a00000,0x0000000787200000)
 ParOldGen       total 131072K, used 7083K [0x0000000701e00000, 0x0000000709e00000, 0x0000000780a00000)
  object space 131072K, 5% used [0x0000000701e00000,0x00000007024eada8,0x0000000709e00000)
 Metaspace       used 20679K, capacity 21148K, committed 21248K, reserved 1069056K
  class space    used 2421K, capacity 2558K, committed 2560K, reserved 1048576K
Event: 5.387 GC heap after
Heap after GC invocations=5 (full 0):
 PSYoungGen      total 106496K, used 8160K [0x0000000780a00000, 0x000000078e500000, 0x00000007c0000000)
  eden space 98304K, 0% used [0x0000000780a00000,0x0000000780a00000,0x0000000786a00000)
  from space 8192K, 99% used [0x0000000786a00000,0x00000007871f8090,0x0000000787200000)
  to   space 13824K, 0% used [0x000000078d780000,0x000000078d780000,0x000000078e500000)
 ParOldGen       total 131072K, used 10929K [0x0000000701e00000, 0x0000000709e00000, 0x0000000780a00000)
  object space 131072K, 8% used [0x0000000701e00000,0x00000007028ac468,0x0000000709e00000)
 Metaspace       used 20679K, capacity 21148K, committed 21248K, reserved 1069056K
  class space    used 2421K, capacity 2558K, committed 2560K, reserved 1048576K
}
Event: 5.387 GC heap before
{Heap before GC invocations=6 (full 1):
 PSYoungGen      total 106496K, used 8160K [0x0000000780a00000, 0x000000078e500000, 0x00000007c0000000)
  eden space 98304K, 0% used [0x0000000780a00000,0x0000000780a00000,0x0000000786a00000)
  from space 8192K, 99% used [0x0000000786a00000,0x00000007871f8090,0x0000000787200000)
  to   space 13824K, 0% used [0x000000078d780000,0x000000078d780000,0x000000078e500000)
 ParOldGen       total 131072K, used 10929K [0x0000000701e00000, 0x0000000709e00000, 0x0000000780a00000)
  object space 131072K, 8% used [0x0000000701e00000,0x00000007028ac468,0x0000000709e00000)
 Metaspace       used 20679K, capacity 21148K, committed 21248K, reserved 1069056K
  class space    used 2421K, capacity 2558K, committed 2560K, reserved 1048576K
Event: 5.549 GC heap after
Heap after GC invocations=6 (full 1):
 PSYoungGen      total 106496K, used 0K [0x0000000780a00000, 0x000000078e500000, 0x00000007c0000000)
  eden space 98304K, 0% used [0x0000000780a00000,0x0000000780a00000,0x0000000786a00000)
  from space 8192K, 0% used [0x0000000786a00000,0x0000000786a00000,0x0000000787200000)
  to   space 13824K, 0% used [0x000000078d780000,0x000000078d780000,0x000000078e500000)
 ParOldGen       total 97792K, used 14774K [0x0000000701e00000, 0x0000000707d80000, 0x0000000780a00000)
  object space 97792K, 15% used [0x0000000701e00000,0x0000000702c6d990,0x0000000707d80000)
 Metaspace       used 20679K, capacity 21148K, committed 21248K, reserved 1069056K
  class space    used 2421K, capacity 2558K, committed 2560K, reserved 1048576K
}
Event: 6.719 GC heap before
{Heap before GC invocations=7 (full 1):
 PSYoungGen      total 106496K, used 98304K [0x0000000780a00000, 0x000000078e500000, 0x00000007c0000000)
  eden space 98304K, 100% used [0x0000000780a00000,0x0000000786a00000,0x0000000786a00000)
  from space 8192K, 0% used [0x0000000786a00000,0x0000000786a00000,0x0000000787200000)
  to   space 13824K, 0% used [0x000000078d780000,0x000000078d780000,0x000000078e500000)
 ParOldGen       total 97792K, used 14774K [0x0000000701e00000, 0x0000000707d80000, 0x0000000780a00000)
  object space 97792K, 15% used [0x0000000701e00000,0x0000000702c6d990,0x0000000707d80000)
 Metaspace       used 24097K, capacity 24672K, committed 24832K, reserved 1071104K
  class space    used 2802K, capacity 2965K, committed 3072K, reserved 1048576K
Event: 6.751 GC heap after
Heap after GC invocations=7 (full 1):
 PSYoungGen      total 154112K, used 13816K [0x0000000780a00000, 0x000000078e500000, 0x00000007c0000000)
  eden space 140288K, 0% used [0x0000000780a00000,0x0000000780a00000,0x0000000789300000)
  from space 13824K, 99% used [0x000000078d780000,0x000000078e4fe138,0x000000078e500000)
  to   space 16896K, 0% used [0x000000078c400000,0x000000078c400000,0x000000078d480000)
 ParOldGen       total 97792K, used 17429K [0x0000000701e00000, 0x0000000707d80000, 0x0000000780a00000)
  object space 97792K, 17% used [0x0000000701e00000,0x0000000702f05480,0x0000000707d80000)
 Metaspace       used 24097K, capacity 24672K, committed 24832K, reserved 1071104K
  class space    used 2802K, capacity 2965K, committed 3072K, reserved 1048576K
}
Event: 7.420 GC heap before
{Heap before GC invocations=8 (full 1):
 PSYoungGen      total 154112K, used 154104K [0x0000000780a00000, 0x000000078e500000, 0x00000007c0000000)
  eden space 140288K, 100% used [0x0000000780a00000,0x0000000789300000,0x0000000789300000)
  from space 13824K, 99% used [0x000000078d780000,0x000000078e4fe138,0x000000078e500000)
  to   space 16896K, 0% used [0x000000078c400000,0x000000078c400000,0x000000078d480000)
 ParOldGen       total 97792K, used 17429K [0x0000000701e00000, 0x0000000707d80000, 0x0000000780a00000)
  object space 97792K, 17% used [0x0000000701e00000,0x0000000702f05480,0x0000000707d80000)
 Metaspace       used 24120K, capacity 24682K, committed 24832K, reserved 1071104K
  class space    used 2805K, capacity 2967K, committed 3072K, reserved 1048576K
Event: 7.442 GC heap after
Heap after GC invocations=8 (full 1):
 PSYoungGen      total 207360K, used 16887K [0x0000000780a00000, 0x000000078ff00000, 0x00000007c0000000)
  eden space 190464K, 0% used [0x0000000780a00000,0x0000000780a00000,0x000000078c400000)
  from space 16896K, 99% used [0x000000078c400000,0x000000078d47de98,0x000000078d480000)
  to   space 23552K, 0% used [0x000000078e800000,0x000000078e800000,0x000000078ff00000)
 ParOldGen       total 97792K, used 26616K [0x0000000701e00000, 0x0000000707d80000, 0x0000000780a00000)
  object space 97792K, 27% used [0x0000000701e00000,0x00000007037fe318,0x0000000707d80000)
 Metaspace       used 24120K, capacity 24682K, committed 24832K, reserved 1071104K
  class space    used 2805K, capacity 2967K, committed 3072K, reserved 1048576K
}

