# JRE version: Java(TM) SE Runtime Environment (8.0_121-b13) (build 1.8.0_121-b13)
# Java VM: Java HotSpot(TM) 64-Bit Server VM (25.121-b13 mixed mode windows-amd64 compressed oops)
Heap:
 PSYoungGen      total 268288K, used 48222K [0x0000000780a00000, 0x0000000792e00000, 0x00000007c0000000)
  eden space 238592K, 20% used [0x0000000780a00000,0x0000000783917b00,0x000000078f300000)
  from space 29696K, 0% used [0x0000000791100000,0x0000000791100000,0x0000000792e00000)
  to   space 30208K, 0% used [0x000000078f300000,0x000000078f300000,0x0000000791080000)
 ParOldGen       total 128000K, used 28545K [0x0000000701e00000, 0x0000000709b00000, 0x0000000780a00000)
  object space 128000K, 22% used [0x0000000701e00000,0x00000007039e0450,0x0000000709b00000)
 Metaspace       used 38127K, capacity 38858K, committed 39296K, reserved 1083392K
  class space    used 4511K, capacity 4725K, committed 4736K, reserved 1048576K
GC Heap History (10 events):
Event: 7.731 GC heap before
{Heap before GC invocations=10 (full 1):
 PSYoungGen      total 134656K, used 134655K [0x0000000780a00000, 0x000000078c980000, 0x00000007c0000000)
  eden space 119296K, 100% used [0x0000000780a00000,0x0000000787e80000,0x0000000787e80000)
  from space 15360K, 99% used [0x0000000789200000,0x000000078a0ffd88,0x000000078a100000)
  to   space 19968K, 0% used [0x0000000787e80000,0x0000000787e80000,0x0000000789200000)
 ParOldGen       total 87040K, used 21804K [0x0000000701e00000, 0x0000000707300000, 0x0000000780a00000)
  object space 87040K, 25% used [0x0000000701e00000,0x000000070334b120,0x0000000707300000)
 Metaspace       used 23945K, capacity 24494K, committed 24832K, reserved 1071104K
  class space    used 2806K, capacity 2994K, committed 3072K, reserved 1048576K
Event: 7.864 GC heap after
Heap after GC invocations=10 (full 1):
 PSYoungGen      total 139264K, used 19965K [0x0000000780a00000, 0x000000078e300000, 0x00000007c0000000)
  eden space 119296K, 0% used [0x0000000780a00000,0x0000000780a00000,0x0000000787e80000)
  from space 19968K, 99% used [0x0000000787e80000,0x00000007891ff498,0x0000000789200000)
  to   space 24576K, 0% used [0x000000078cb00000,0x000000078cb00000,0x000000078e300000)
 ParOldGen       total 87040K, used 27965K [0x0000000701e00000, 0x0000000707300000, 0x0000000780a00000)
  object space 87040K, 32% used [0x0000000701e00000,0x000000070394f470,0x0000000707300000)
 Metaspace       used 23945K, capacity 24494K, committed 24832K, reserved 1071104K
  class space    used 2806K, capacity 2994K, committed 3072K, reserved 1048576K
}
Event: 9.057 GC heap before
{Heap before GC invocations=11 (full 1):
 PSYoungGen      total 139264K, used 139261K [0x0000000780a00000, 0x000000078e300000, 0x00000007c0000000)
  eden space 119296K, 100% used [0x0000000780a00000,0x0000000787e80000,0x0000000787e80000)
  from space 19968K, 99% used [0x0000000787e80000,0x00000007891ff498,0x0000000789200000)
  to   space 24576K, 0% used [0x000000078cb00000,0x000000078cb00000,0x000000078e300000)
 ParOldGen       total 87040K, used 27965K [0x0000000701e00000, 0x0000000707300000, 0x0000000780a00000)
  object space 87040K, 32% used [0x0000000701e00000,0x000000070394f470,0x0000000707300000)
 Metaspace       used 23948K, capacity 24494K, committed 24832K, reserved 1071104K
  class space    used 2806K, capacity 2994K, committed 3072K, reserved 1048576K
Event: 9.091 GC heap after
Heap after GC invocations=11 (full 1):
 PSYoungGen      total 195072K, used 22696K [0x0000000780a00000, 0x000000078e700000, 0x00000007c0000000)
  eden space 170496K, 0% used [0x0000000780a00000,0x0000000780a00000,0x000000078b080000)
  from space 24576K, 92% used [0x000000078cb00000,0x000000078e12a2b8,0x000000078e300000)
  to   space 27136K, 0% used [0x000000078b080000,0x000000078b080000,0x000000078cb00000)
 ParOldGen       total 87040K, used 31002K [0x0000000701e00000, 0x0000000707300000, 0x0000000780a00000)
  object space 87040K, 35% used [0x0000000701e00000,0x0000000703c468c0,0x0000000707300000)
 Metaspace       used 23948K, capacity 24494K, committed 24832K, reserved 1071104K
  class space    used 2806K, capacity 2994K, committed 3072K, reserved 1048576K
}
Event: 23.185 GC heap before
{Heap before GC invocations=12 (full 1):
 PSYoungGen      total 195072K, used 193192K [0x0000000780a00000, 0x000000078e700000, 0x00000007c0000000)
  eden space 170496K, 100% used [0x0000000780a00000,0x000000078b080000,0x000000078b080000)
  from space 24576K, 92% used [0x000000078cb00000,0x000000078e12a2b8,0x000000078e300000)
  to   space 27136K, 0% used [0x000000078b080000,0x000000078b080000,0x000000078cb00000)
 ParOldGen       total 87040K, used 31002K [0x0000000701e00000, 0x0000000707300000, 0x0000000780a00000)
  object space 87040K, 35% used [0x0000000701e00000,0x0000000703c468c0,0x0000000707300000)
 Metaspace       used 32786K, capacity 33478K, committed 33664K, reserved 1079296K
  class space    used 3913K, capacity 4131K, committed 4224K, reserved 1048576K
Event: 23.208 GC heap after
Heap after GC invocations=12 (full 1):
 PSYoungGen      total 197632K, used 24498K [0x0000000780a00000, 0x0000000792e00000, 0x00000007c0000000)
  eden space 170496K, 0% used [0x0000000780a00000,0x0000000780a00000,0x000000078b080000)
  from space 27136K, 90% used [0x000000078b080000,0x000000078c86caf0,0x000000078cb00000)
  to   space 29696K, 0% used [0x0000000791100000,0x0000000791100000,0x0000000792e00000)
 ParOldGen       total 87040K, used 32980K [0x0000000701e00000, 0x0000000707300000, 0x0000000780a00000)
  object space 87040K, 37% used [0x0000000701e00000,0x0000000703e353b8,0x0000000707300000)
 Metaspace       used 32786K, capacity 33478K, committed 33664K, reserved 1079296K
  class space    used 3913K, capacity 4131K, committed 4224K, reserved 1048576K
}
Event: 23.675 GC heap before
{Heap before GC invocations=13 (full 1):
 PSYoungGen      total 197632K, used 44173K [0x0000000780a00000, 0x0000000792e00000, 0x00000007c0000000)
  eden space 170496K, 11% used [0x0000000780a00000,0x0000000781d36980,0x000000078b080000)
  from space 27136K, 90% used [0x000000078b080000,0x000000078c86caf0,0x000000078cb00000)
  to   space 29696K, 0% used [0x0000000791100000,0x0000000791100000,0x0000000792e00000)
 ParOldGen       total 87040K, used 32980K [0x0000000701e00000, 0x0000000707300000, 0x0000000780a00000)
  object space 87040K, 37% used [0x0000000701e00000,0x0000000703e353b8,0x0000000707300000)
 Metaspace       used 34680K, capacity 35314K, committed 35496K, reserved 1081344K
  class space    used 4133K, capacity 4337K, committed 4352K, reserved 1048576K
Event: 23.686 GC heap after
Heap after GC invocations=13 (full 1):
 PSYoungGen      total 268288K, used 2242K [0x0000000780a00000, 0x0000000792e00000, 0x00000007c0000000)
  eden space 238592K, 0% used [0x0000000780a00000,0x0000000780a00000,0x000000078f300000)
  from space 29696K, 7% used [0x0000000791100000,0x0000000791330b50,0x0000000792e00000)
  to   space 30208K, 0% used [0x000000078f300000,0x000000078f300000,0x0000000791080000)
 ParOldGen       total 87040K, used 44881K [0x0000000701e00000, 0x0000000707300000, 0x0000000780a00000)
  object space 87040K, 51% used [0x0000000701e00000,0x00000007049d4760,0x0000000707300000)
 Metaspace       used 34680K, capacity 35314K, committed 35496K, reserved 1081344K
  class space    used 4133K, capacity 4337K, committed 4352K, reserved 1048576K
}
Event: 23.686 GC heap before
{Heap before GC invocations=14 (full 2):
 PSYoungGen      total 268288K, used 2242K [0x0000000780a00000, 0x0000000792e00000, 0x00000007c0000000)
  eden space 238592K, 0% used [0x0000000780a00000,0x0000000780a00000,0x000000078f300000)
  from space 29696K, 7% used [0x0000000791100000,0x0000000791330b50,0x0000000792e00000)
  to   space 30208K, 0% used [0x000000078f300000,0x000000078f300000,0x0000000791080000)
 ParOldGen       total 87040K, used 44881K [0x0000000701e00000, 0x0000000707300000, 0x0000000780a00000)
  object space 87040K, 51% used [0x0000000701e00000,0x00000007049d4760,0x0000000707300000)
 Metaspace       used 34680K, capacity 35314K, committed 35496K, reserved 1081344K
  class space    used 4133K, capacity 4337K, committed 4352K, reserved 1048576K
Event: 23.798 GC heap after
Heap after GC invocations=14 (full 2):
 PSYoungGen      total 268288K, used 0K [0x0000000780a00000, 0x0000000792e00000, 0x00000007c0000000)
  eden space 238592K, 0% used [0x0000000780a00000,0x0000000780a00000,0x000000078f300000)
  from space 29696K, 0% used [0x0000000791100000,0x0000000791100000,0x0000000792e00000)
  to   space 30208K, 0% used [0x000000078f300000,0x000000078f300000,0x0000000791080000)
 ParOldGen       total 128000K, used 28545K [0x0000000701e00000, 0x0000000709b00000, 0x0000000780a00000)
  object space 128000K, 22% used [0x0000000701e00000,0x00000007039e0450,0x0000000709b00000)
 Metaspace       used 34680K, capacity 35314K, committed 35496K, reserved 1081344K
  class space    used 4133K, capacity 4337K, committed 4352K, reserved 1048576K
}

